<?xml version="1.0" encoding="UTF-8"?>
<!-- Generated by org.testng.reporters.JUnitXMLReporter -->
<testsuite ignored="2" hostname="DESKTOP-TEB81MQ" failures="1" tests="2" name="Test" time="82.184" errors="0" timestamp="2025-11-13T09:11:59 IST">
  <testcase classname="tests.LoginTest" name="loginInvalidCredentials" time="31.209">
    <skipped/>
  </testcase> <!-- loginInvalidCredentials -->
  <testcase classname="tests.LoginTest" name="loginInvalidCredentials" time="31.057">
    <failure type="java.lang.AssertionError" message="expected [true] but found [false]">
      <![CDATA[java.lang.AssertionError: expected [true] but found [false]
at tests.LoginTest.loginInvalidCredentials(LoginTest.java:42)
at java.base/java.util.ArrayList.forEach(ArrayList.java:1511)
... Removed 31 stack frames]]>
    </failure>
  </testcase> <!-- loginInvalidCredentials -->
  <testcase classname="tests.LoginTest" name="loginMultipleCombo" time="0.0">
    <ignored/>
  </testcase> <!-- loginMultipleCombo -->
  <testcase classname="tests.LoginTest" name="loginValidCredentials" time="0.0">
    <ignored/>
  </testcase> <!-- loginValidCredentials -->
</testsuite> <!-- Test -->
